Fri, 16 Apr 2021 08:27:36 GMT | ERROR | All_Issues.log | Some error occur in registration please check again. | 
Fri, 16 Apr 2021 08:33:34 GMT | ERROR | All_Issues.log | Some error occur in registration please check again. | 
Fri, 16 Apr 2021 08:34:35 GMT | ERROR | All_Issues.log | Some error occur in registration please check again. | 
Fri, 16 Apr 2021 08:34:55 GMT | ERROR | All_Issues.log | Some error occur in registration please check again. | 
Fri, 16 Apr 2021 09:56:15 GMT | ERROR | All_Issues.log | The email address is already registered, please use another email id. | 
Fri, 16 Apr 2021 10:03:09 GMT | ERROR | All_Issues.log | The email address is already registered, please use another email id. | 
Fri, 16 Apr 2021 10:27:53 GMT | ERROR | All_Issues.log | The email address is already registered, please use another email id. | 
Fri, 16 Apr 2021 10:29:10 GMT | ERROR | All_Issues.log | The email address is already registered, please use another email id. | 
Fri, 16 Apr 2021 10:29:36 GMT | ERROR | All_Issues.log | The email address is already registered, please use another email id. | 
Fri, 16 Apr 2021 10:32:15 GMT | ERROR | All_Issues.log | The email address is already registered, please use another email id. | 
Fri, 16 Apr 2021 10:33:50 GMT | ERROR | All_Issues.log | The email address is already registered, please use another email id. | 
Fri, 16 Apr 2021 11:58:54 GMT | ERROR | All_Issues.log | Something went wrong please try after some time. | 
Fri, 16 Apr 2021 12:05:10 GMT | ERROR | All_Issues.log | Something went wrong please try after some time. | 
Fri, 16 Apr 2021 12:05:22 GMT | ERROR | All_Issues.log | Something went wrong please try after some time. | 
Mon, 19 Apr 2021 04:41:04 GMT | ERROR | All_Issues.log | Something went wrong please try after some time. | 
Mon, 19 Apr 2021 04:42:05 GMT | ERROR | All_Issues.log | Something went wrong please try after some time. | 
Mon, 19 Apr 2021 04:50:15 GMT | ERROR | All_Issues.log | Something went wrong please try after some time. | 
Mon, 19 Apr 2021 04:51:58 GMT | ERROR | All_Issues.log | The email address is already registered, please use another email id. | 
Mon, 19 Apr 2021 05:32:48 GMT | ERROR | All_Issues.log | Something went wrong please try after some time. | 
Mon, 19 Apr 2021 05:34:00 GMT | ERROR | All_Issues.log | Something went wrong please try after some time. | 
Mon, 19 Apr 2021 05:34:18 GMT | ERROR | All_Issues.log | Something went wrong please try after some time. | 
Mon, 19 Apr 2021 05:38:12 GMT | ERROR | All_Issues.log | Something went wrong please try after some time. | 
Mon, 19 Apr 2021 05:45:39 GMT | ERROR | All_Issues.log | Something went wrong please try after some time. | 
Mon, 19 Apr 2021 05:46:48 GMT | ERROR | All_Issues.log | Something went wrong please try after some time. | 
Mon, 19 Apr 2021 05:56:01 GMT | ERROR | All_Issues.log | Something went wrong please try after some time. | 
Mon, 19 Apr 2021 08:17:08 GMT | ERROR | All_Issues.log | The email address is already registered, please use another email id. | 
Mon, 19 Apr 2021 10:22:03 GMT | ERROR | All_Issues.log | The email address is already registered, please use another email id. | 
Mon, 19 Apr 2021 10:22:12 GMT | ERROR | All_Issues.log | Something went wrong please try after some time. | 
Mon, 19 Apr 2021 10:25:10 GMT | ERROR | All_Issues.log | Something went wrong please try after some time. | 
Mon, 19 Apr 2021 10:25:29 GMT | ERROR | All_Issues.log | Something went wrong please try after some time. | 
Mon, 19 Apr 2021 10:27:05 GMT | ERROR | All_Issues.log | Something went wrong please try after some time. | 
Mon, 19 Apr 2021 10:27:49 GMT | ERROR | All_Issues.log | Something went wrong please try after some time. | 
Mon, 19 Apr 2021 10:29:01 GMT | ERROR | All_Issues.log | Something went wrong please try after some time. | 
Mon, 19 Apr 2021 10:29:46 GMT | ERROR | All_Issues.log | Something went wrong please try after some time. | 
Mon, 19 Apr 2021 10:30:14 GMT | ERROR | All_Issues.log | Something went wrong please try after some time. | 
Mon, 19 Apr 2021 10:30:35 GMT | ERROR | All_Issues.log | Something went wrong please try after some time. | 
Mon, 19 Apr 2021 10:31:16 GMT | ERROR | All_Issues.log | Something went wrong please try after some time. | 
Mon, 19 Apr 2021 10:31:56 GMT | ERROR | All_Issues.log | Something went wrong please try after some time. | 
Mon, 19 Apr 2021 10:32:26 GMT | ERROR | All_Issues.log | Something went wrong please try after some time. | 
Mon, 19 Apr 2021 10:32:59 GMT | ERROR | All_Issues.log | Something went wrong please try after some time. | 
Mon, 19 Apr 2021 10:33:26 GMT | ERROR | All_Issues.log | Something went wrong please try after some time. | 
Mon, 19 Apr 2021 10:35:42 GMT | ERROR | All_Issues.log | Something went wrong please try after some time. | 
Mon, 19 Apr 2021 10:36:38 GMT | ERROR | All_Issues.log | Something went wrong please try after some time. | 
Mon, 19 Apr 2021 10:37:15 GMT | ERROR | All_Issues.log | Something went wrong please try after some time. | 
Mon, 19 Apr 2021 10:41:05 GMT | ERROR | All_Issues.log | Something went wrong please try after some time. | 
Mon, 19 Apr 2021 10:42:07 GMT | ERROR | All_Issues.log | Something went wrong please try after some time. | 
Mon, 19 Apr 2021 10:42:29 GMT | ERROR | All_Issues.log | Something went wrong please try after some time. | 
Mon, 19 Apr 2021 10:43:27 GMT | ERROR | All_Issues.log | Something went wrong please try after some time. | 
Mon, 19 Apr 2021 10:50:46 GMT | ERROR | All_Issues.log | Something went wrong please try after some time. | 
